2023-10-31 13:40:26,414 - INFO - Starting backup for service: bitwarden
2023-10-31 13:40:26,414 - ERROR - Error while backing up service bitwarden: 'unique_file'
2023-10-31 13:40:26,415 - INFO - Starting backup for service: site_web
2023-10-31 13:40:26,415 - ERROR - Error while backing up service site_web: 'unique_file'
2023-10-31 13:40:26,415 - INFO - Starting backup for service: database
2023-10-31 13:40:26,415 - ERROR - Error while backing up service database: 'unique_file'
2023-10-31 13:40:26,415 - INFO - Starting backup for service: gotify
2023-10-31 13:40:26,415 - ERROR - Error while backing up service gotify: 'unique_file'
2023-10-31 13:40:26,415 - INFO - Starting backup for service: minecraft
2023-10-31 13:40:26,415 - ERROR - Error while backing up service minecraft: 'unique_file'
2023-10-31 13:40:26,416 - INFO - Starting backup for service: registry
2023-10-31 13:40:26,416 - ERROR - Error while backing up service registry: 'unique_file'
2023-10-31 13:40:26,416 - INFO - Starting backup for service: wiki
2023-10-31 13:40:26,416 - ERROR - Error while backing up service wiki: 'unique_file'
2023-10-31 13:40:29,870 - INFO - HTTP Request: POST https://gotify.zerka.dev/message "HTTP/1.1 200 OK"
2023-10-31 13:41:59,848 - INFO - Starting backup for service: bitwarden
2023-10-31 13:41:59,849 - ERROR - Error while backing up service bitwarden: name 'shutil' is not defined
2023-10-31 13:41:59,849 - INFO - Starting backup for service: site_web
2023-10-31 13:41:59,849 - ERROR - Error while backing up service site_web: name 'shutil' is not defined
2023-10-31 13:41:59,849 - INFO - Starting backup for service: database
2023-10-31 13:41:59,849 - ERROR - Error while backing up service database: name 'shutil' is not defined
2023-10-31 13:41:59,850 - INFO - Starting backup for service: gotify
2023-10-31 13:41:59,850 - ERROR - Error while backing up service gotify: name 'shutil' is not defined
2023-10-31 13:41:59,850 - INFO - Starting backup for service: minecraft
2023-10-31 13:41:59,850 - ERROR - Error while backing up service minecraft: name 'shutil' is not defined
2023-10-31 13:41:59,850 - INFO - Starting backup for service: registry
2023-10-31 13:41:59,850 - ERROR - Error while backing up service registry: name 'shutil' is not defined
2023-10-31 13:41:59,851 - INFO - Starting backup for service: wiki
2023-10-31 13:41:59,851 - ERROR - Error while backing up service wiki: name 'shutil' is not defined
2023-10-31 13:42:02,617 - INFO - HTTP Request: POST https://gotify.zerka.dev/message "HTTP/1.1 200 OK"
2023-10-31 13:43:13,098 - INFO - Starting backup for service: bitwarden
2023-10-31 13:43:13,787 - INFO - Backup Archive: bitwarden/bitwarden_20231031134313.tar.gz - Success
2023-10-31 13:43:13,788 - INFO - Backup for service bitwarden completed successfully.
2023-10-31 13:43:13,788 - INFO - Starting backup for service: site_web
2023-10-31 13:43:14,259 - INFO - Backup Archive: site_web/site_web_20231031134313.tar.gz - Success
2023-10-31 13:43:14,259 - INFO - Backup for service site_web completed successfully.
2023-10-31 13:43:14,260 - INFO - Starting backup for service: database
2023-10-31 13:43:14,657 - INFO - Backup Archive: database/database_20231031134313.tar.gz - Success
2023-10-31 13:43:14,658 - INFO - Backup for service database completed successfully.
2023-10-31 13:43:14,658 - INFO - Starting backup for service: gotify
2023-10-31 13:43:14,770 - INFO - Backup Archive: gotify/gotify_20231031134313.tar.gz - Success
2023-10-31 13:43:14,771 - INFO - Backup for service gotify completed successfully.
2023-10-31 13:43:14,771 - INFO - Starting backup for service: minecraft
2023-10-31 13:43:23,556 - INFO - Backup Archive: minecraft/minecraft_20231031134313.tar.gz - Success
2023-10-31 13:43:23,569 - INFO - Backup for service minecraft completed successfully.
2023-10-31 13:43:23,569 - INFO - Starting backup for service: registry
2023-10-31 13:43:40,091 - INFO - Backup Archive: registry/registry_20231031134313.tar.gz - Success
2023-10-31 13:43:40,169 - INFO - Backup for service registry completed successfully.
2023-10-31 13:43:40,170 - INFO - Starting backup for service: wiki
2023-10-31 13:43:40,236 - INFO - Backup Archive: wiki/wiki_20231031134313.tar.gz - Success
2023-10-31 13:43:40,237 - INFO - Backup for service wiki completed successfully.
2023-10-31 13:43:42,878 - INFO - HTTP Request: POST https://gotify.zerka.dev/message "HTTP/1.1 200 OK"
2023-10-31 13:45:04,329 - INFO - Starting backup for service: bitwarden
2023-10-31 13:45:04,976 - INFO - Backup Archive: bitwarden/bitwarden_20231031134504.tar.gz - Success
2023-10-31 13:45:04,977 - INFO - Backup for service bitwarden completed successfully.
2023-10-31 13:45:04,977 - INFO - Starting backup for service: site_web
2023-10-31 13:45:05,352 - INFO - Backup Archive: site_web/site_web_20231031134504.tar.gz - Success
2023-10-31 13:45:05,353 - INFO - Backup for service site_web completed successfully.
2023-10-31 13:45:05,353 - INFO - Starting backup for service: database
2023-10-31 13:45:05,555 - INFO - Backup Archive: database/database_20231031134504.tar.gz - Success
2023-10-31 13:45:05,556 - INFO - Backup for service database completed successfully.
2023-10-31 13:45:05,556 - INFO - Starting backup for service: gotify
2023-10-31 13:45:05,628 - INFO - Backup Archive: gotify/gotify_20231031134504.tar.gz - Success
2023-10-31 13:45:05,629 - INFO - Backup for service gotify completed successfully.
2023-10-31 13:45:05,629 - INFO - Starting backup for service: minecraft
2023-10-31 13:45:13,529 - INFO - Backup Archive: minecraft/minecraft_20231031134504.tar.gz - Success
2023-10-31 13:45:13,546 - INFO - Backup for service minecraft completed successfully.
2023-10-31 13:45:13,546 - INFO - Starting backup for service: registry
2023-10-31 13:45:32,740 - INFO - Backup Archive: registry/registry_20231031134504.tar.gz - Success
2023-10-31 13:45:32,797 - INFO - Backup for service registry completed successfully.
2023-10-31 13:45:32,798 - INFO - Starting backup for service: wiki
2023-10-31 13:45:32,891 - INFO - Backup Archive: wiki/wiki_20231031134504.tar.gz - Success
2023-10-31 13:45:32,891 - INFO - Backup for service wiki completed successfully.
2023-10-31 13:45:35,539 - INFO - HTTP Request: POST https://gotify.zerka.dev/message "HTTP/1.1 200 OK"
2023-10-31 13:46:33,475 - INFO - Starting backup for service: bitwarden
2023-10-31 13:46:34,105 - INFO - Backup Archive: bitwarden/2023-10-31_13-46-33.tar.gz - Success
2023-10-31 13:46:34,105 - INFO - Backup for service bitwarden completed successfully.
2023-10-31 13:46:34,105 - INFO - Starting backup for service: site_web
2023-10-31 13:46:34,482 - INFO - Backup Archive: site_web/2023-10-31_13-46-33.tar.gz - Success
2023-10-31 13:46:34,483 - INFO - Backup for service site_web completed successfully.
2023-10-31 13:46:34,483 - INFO - Starting backup for service: database
2023-10-31 13:46:34,690 - INFO - Backup Archive: database/2023-10-31_13-46-33.tar.gz - Success
2023-10-31 13:46:34,691 - INFO - Backup for service database completed successfully.
2023-10-31 13:46:34,691 - INFO - Starting backup for service: gotify
2023-10-31 13:46:34,760 - INFO - Backup Archive: gotify/2023-10-31_13-46-33.tar.gz - Success
2023-10-31 13:46:34,760 - INFO - Backup for service gotify completed successfully.
2023-10-31 13:46:34,761 - INFO - Starting backup for service: minecraft
2023-10-31 13:46:42,403 - INFO - Backup Archive: minecraft/2023-10-31_13-46-33.tar.gz - Success
2023-10-31 13:46:42,414 - INFO - Backup for service minecraft completed successfully.
2023-10-31 13:46:42,414 - INFO - Starting backup for service: registry
2023-10-31 13:46:59,253 - INFO - Backup Archive: registry/2023-10-31_13-46-33.tar.gz - Success
2023-10-31 13:46:59,304 - INFO - Backup for service registry completed successfully.
2023-10-31 13:46:59,304 - INFO - Starting backup for service: wiki
2023-10-31 13:46:59,385 - INFO - Backup Archive: wiki/2023-10-31_13-46-33.tar.gz - Success
2023-10-31 13:46:59,386 - INFO - Backup for service wiki completed successfully.
2023-10-31 13:47:02,877 - INFO - HTTP Request: POST https://gotify.zerka.dev/message "HTTP/1.1 200 OK"
